<?xml version="1.0" encoding="UTF-8"?>
<testsuites>
  <testsuite name="" tests="24" assertions="44" errors="0" warnings="0" failures="0" skipped="0" time="0.019109">
    <testsuite name="Project Test Suite" tests="24" assertions="44" errors="0" warnings="0" failures="0" skipped="0" time="0.019109">
      <testsuite name="App\Tests\Card\CardDeckTest" file="/Users/hannagawlitza/dbwebb-kurser/mvc/me/report/tests/Card/CardDeckTest.php" tests="4" assertions="12" errors="0" warnings="0" failures="0" skipped="0" time="0.013776">
        <testcase name="testInitializeDeck" class="App\Tests\Card\CardDeckTest" classname="App.Tests.Card.CardDeckTest" file="/Users/hannagawlitza/dbwebb-kurser/mvc/me/report/tests/Card/CardDeckTest.php" line="12" assertions="5" time="0.004365"/>
        <testcase name="testShuffleDeck" class="App\Tests\Card\CardDeckTest" classname="App.Tests.Card.CardDeckTest" file="/Users/hannagawlitza/dbwebb-kurser/mvc/me/report/tests/Card/CardDeckTest.php" line="30" assertions="2" time="0.004471"/>
        <testcase name="testSortDeck" class="App\Tests\Card\CardDeckTest" classname="App.Tests.Card.CardDeckTest" file="/Users/hannagawlitza/dbwebb-kurser/mvc/me/report/tests/Card/CardDeckTest.php" line="45" assertions="2" time="0.004275"/>
        <testcase name="testDrawCard" class="App\Tests\Card\CardDeckTest" classname="App.Tests.Card.CardDeckTest" file="/Users/hannagawlitza/dbwebb-kurser/mvc/me/report/tests/Card/CardDeckTest.php" line="66" assertions="3" time="0.000665"/>
      </testsuite>
      <testsuite name="App\Tests\Card\CardGraphicTest" file="/Users/hannagawlitza/dbwebb-kurser/mvc/me/report/tests/Card/CardGraphicTest.php" tests="7" assertions="9" errors="0" warnings="0" failures="0" skipped="0" time="0.001135">
        <testcase name="testGetGraphicForNumericCard" class="App\Tests\Card\CardGraphicTest" classname="App.Tests.Card.CardGraphicTest" file="/Users/hannagawlitza/dbwebb-kurser/mvc/me/report/tests/Card/CardGraphicTest.php" line="10" assertions="1" time="0.000160"/>
        <testcase name="testGetGraphicForFaceCard" class="App\Tests\Card\CardGraphicTest" classname="App.Tests.Card.CardGraphicTest" file="/Users/hannagawlitza/dbwebb-kurser/mvc/me/report/tests/Card/CardGraphicTest.php" line="16" assertions="3" time="0.000172"/>
        <testcase name="testGetGraphicForAceCard" class="App\Tests\Card\CardGraphicTest" classname="App.Tests.Card.CardGraphicTest" file="/Users/hannagawlitza/dbwebb-kurser/mvc/me/report/tests/Card/CardGraphicTest.php" line="28" assertions="1" time="0.000154"/>
        <testcase name="testGetGraphicForSuitHearts" class="App\Tests\Card\CardGraphicTest" classname="App.Tests.Card.CardGraphicTest" file="/Users/hannagawlitza/dbwebb-kurser/mvc/me/report/tests/Card/CardGraphicTest.php" line="34" assertions="1" time="0.000154"/>
        <testcase name="testGetGraphicForSuitSpades" class="App\Tests\Card\CardGraphicTest" classname="App.Tests.Card.CardGraphicTest" file="/Users/hannagawlitza/dbwebb-kurser/mvc/me/report/tests/Card/CardGraphicTest.php" line="40" assertions="1" time="0.000151"/>
        <testcase name="testGetGraphicForSuitDiamonds" class="App\Tests\Card\CardGraphicTest" classname="App.Tests.Card.CardGraphicTest" file="/Users/hannagawlitza/dbwebb-kurser/mvc/me/report/tests/Card/CardGraphicTest.php" line="46" assertions="1" time="0.000153"/>
        <testcase name="testGetGraphicForSuitClubs" class="App\Tests\Card\CardGraphicTest" classname="App.Tests.Card.CardGraphicTest" file="/Users/hannagawlitza/dbwebb-kurser/mvc/me/report/tests/Card/CardGraphicTest.php" line="52" assertions="1" time="0.000191"/>
      </testsuite>
      <testsuite name="App\Tests\Card\CardTest" file="/Users/hannagawlitza/dbwebb-kurser/mvc/me/report/tests/Card/CardTest.php" tests="4" assertions="4" errors="0" warnings="0" failures="0" skipped="0" time="0.000584">
        <testcase name="testGetSuit" class="App\Tests\Card\CardTest" classname="App.Tests.Card.CardTest" file="/Users/hannagawlitza/dbwebb-kurser/mvc/me/report/tests/Card/CardTest.php" line="11" assertions="1" time="0.000145"/>
        <testcase name="testGetValue" class="App\Tests\Card\CardTest" classname="App.Tests.Card.CardTest" file="/Users/hannagawlitza/dbwebb-kurser/mvc/me/report/tests/Card/CardTest.php" line="18" assertions="1" time="0.000147"/>
        <testcase name="testToString" class="App\Tests\Card\CardTest" classname="App.Tests.Card.CardTest" file="/Users/hannagawlitza/dbwebb-kurser/mvc/me/report/tests/Card/CardTest.php" line="25" assertions="1" time="0.000147"/>
        <testcase name="testToArray" class="App\Tests\Card\CardTest" classname="App.Tests.Card.CardTest" file="/Users/hannagawlitza/dbwebb-kurser/mvc/me/report/tests/Card/CardTest.php" line="32" assertions="1" time="0.000144"/>
      </testsuite>
      <testsuite name="App\Dice\DiceTest" file="/Users/hannagawlitza/dbwebb-kurser/mvc/me/report/tests/Dice/DiceTest.php" tests="1" assertions="2" errors="0" warnings="0" failures="0" skipped="0" time="0.000565">
        <testcase name="testCreateDice" class="App\Dice\DiceTest" classname="App.Dice.DiceTest" file="/Users/hannagawlitza/dbwebb-kurser/mvc/me/report/tests/Dice/DiceTest.php" line="16" assertions="2" time="0.000565"/>
      </testsuite>
      <testsuite name="App\Tests\Game\BankTest" file="/Users/hannagawlitza/dbwebb-kurser/mvc/me/report/tests/Game/BankTest.php" tests="4" assertions="10" errors="0" warnings="0" failures="0" skipped="0" time="0.002184">
        <testcase name="testDrawCard" class="App\Tests\Game\BankTest" classname="App.Tests.Game.BankTest" file="/Users/hannagawlitza/dbwebb-kurser/mvc/me/report/tests/Game/BankTest.php" line="13" assertions="2" time="0.001185"/>
        <testcase name="testNoAdditionalDrawWhenScoreIs17OrHigher" class="App\Tests\Game\BankTest" classname="App.Tests.Game.BankTest" file="/Users/hannagawlitza/dbwebb-kurser/mvc/me/report/tests/Game/BankTest.php" line="23" assertions="1" time="0.000261"/>
        <testcase name="testGetHand" class="App\Tests\Game\BankTest" classname="App.Tests.Game.BankTest" file="/Users/hannagawlitza/dbwebb-kurser/mvc/me/report/tests/Game/BankTest.php" line="46" assertions="4" time="0.000267"/>
        <testcase name="testAddCard" class="App\Tests\Game\BankTest" classname="App.Tests.Game.BankTest" file="/Users/hannagawlitza/dbwebb-kurser/mvc/me/report/tests/Game/BankTest.php" line="66" assertions="3" time="0.000471"/>
      </testsuite>
      <testsuite name="App\Tests\Game\PlayerTest" file="/Users/hannagawlitza/dbwebb-kurser/mvc/me/report/tests/Game/PlayerTest.php" tests="4" assertions="7" errors="0" warnings="0" failures="0" skipped="0" time="0.000865">
        <testcase name="testDrawCard" class="App\Tests\Game\PlayerTest" classname="App.Tests.Game.PlayerTest" file="/Users/hannagawlitza/dbwebb-kurser/mvc/me/report/tests/Game/PlayerTest.php" line="13" assertions="1" time="0.000264"/>
        <testcase name="testGetHand" class="App\Tests\Game\PlayerTest" classname="App.Tests.Game.PlayerTest" file="/Users/hannagawlitza/dbwebb-kurser/mvc/me/report/tests/Game/PlayerTest.php" line="27" assertions="2" time="0.000241"/>
        <testcase name="testAddCard" class="App\Tests\Game\PlayerTest" classname="App.Tests.Game.PlayerTest" file="/Users/hannagawlitza/dbwebb-kurser/mvc/me/report/tests/Game/PlayerTest.php" line="47" assertions="3" time="0.000185"/>
        <testcase name="testGetScore" class="App\Tests\Game\PlayerTest" classname="App.Tests.Game.PlayerTest" file="/Users/hannagawlitza/dbwebb-kurser/mvc/me/report/tests/Game/PlayerTest.php" line="63" assertions="1" time="0.000174"/>
      </testsuite>
    </testsuite>
  </testsuite>
</testsuites>
