<?xml version="1.0" encoding="UTF-8"?>
<testsuites>
  <testsuite name="" tests="29" assertions="61" errors="0" warnings="0" failures="0" skipped="0" time="1.408305">
    <testsuite name="Project Test Suite" tests="29" assertions="61" errors="0" warnings="0" failures="0" skipped="0" time="1.408305">
      <testsuite name="App\Tests\Card\CardDeckTest" file="/Users/hannagawlitza/dbwebb-kurser/mvc/me/report/tests/Card/CardDeckTest.php" tests="4" assertions="12" errors="0" warnings="0" failures="0" skipped="0" time="0.016312">
        <testcase name="testInitializeDeck" class="App\Tests\Card\CardDeckTest" classname="App.Tests.Card.CardDeckTest" file="/Users/hannagawlitza/dbwebb-kurser/mvc/me/report/tests/Card/CardDeckTest.php" line="12" assertions="5" time="0.006382"/>
        <testcase name="testShuffleDeck" class="App\Tests\Card\CardDeckTest" classname="App.Tests.Card.CardDeckTest" file="/Users/hannagawlitza/dbwebb-kurser/mvc/me/report/tests/Card/CardDeckTest.php" line="30" assertions="2" time="0.005017"/>
        <testcase name="testSortDeck" class="App\Tests\Card\CardDeckTest" classname="App.Tests.Card.CardDeckTest" file="/Users/hannagawlitza/dbwebb-kurser/mvc/me/report/tests/Card/CardDeckTest.php" line="45" assertions="2" time="0.004088"/>
        <testcase name="testDrawCard" class="App\Tests\Card\CardDeckTest" classname="App.Tests.Card.CardDeckTest" file="/Users/hannagawlitza/dbwebb-kurser/mvc/me/report/tests/Card/CardDeckTest.php" line="66" assertions="3" time="0.000826"/>
      </testsuite>
      <testsuite name="App\Tests\Card\CardGraphicTest" file="/Users/hannagawlitza/dbwebb-kurser/mvc/me/report/tests/Card/CardGraphicTest.php" tests="7" assertions="9" errors="0" warnings="0" failures="0" skipped="0" time="0.001350">
        <testcase name="testGetGraphicForNumericCard" class="App\Tests\Card\CardGraphicTest" classname="App.Tests.Card.CardGraphicTest" file="/Users/hannagawlitza/dbwebb-kurser/mvc/me/report/tests/Card/CardGraphicTest.php" line="10" assertions="1" time="0.000183"/>
        <testcase name="testGetGraphicForFaceCard" class="App\Tests\Card\CardGraphicTest" classname="App.Tests.Card.CardGraphicTest" file="/Users/hannagawlitza/dbwebb-kurser/mvc/me/report/tests/Card/CardGraphicTest.php" line="16" assertions="3" time="0.000245"/>
        <testcase name="testGetGraphicForAceCard" class="App\Tests\Card\CardGraphicTest" classname="App.Tests.Card.CardGraphicTest" file="/Users/hannagawlitza/dbwebb-kurser/mvc/me/report/tests/Card/CardGraphicTest.php" line="28" assertions="1" time="0.000196"/>
        <testcase name="testGetGraphicForSuitHearts" class="App\Tests\Card\CardGraphicTest" classname="App.Tests.Card.CardGraphicTest" file="/Users/hannagawlitza/dbwebb-kurser/mvc/me/report/tests/Card/CardGraphicTest.php" line="34" assertions="1" time="0.000190"/>
        <testcase name="testGetGraphicForSuitSpades" class="App\Tests\Card\CardGraphicTest" classname="App.Tests.Card.CardGraphicTest" file="/Users/hannagawlitza/dbwebb-kurser/mvc/me/report/tests/Card/CardGraphicTest.php" line="40" assertions="1" time="0.000180"/>
        <testcase name="testGetGraphicForSuitDiamonds" class="App\Tests\Card\CardGraphicTest" classname="App.Tests.Card.CardGraphicTest" file="/Users/hannagawlitza/dbwebb-kurser/mvc/me/report/tests/Card/CardGraphicTest.php" line="46" assertions="1" time="0.000176"/>
        <testcase name="testGetGraphicForSuitClubs" class="App\Tests\Card\CardGraphicTest" classname="App.Tests.Card.CardGraphicTest" file="/Users/hannagawlitza/dbwebb-kurser/mvc/me/report/tests/Card/CardGraphicTest.php" line="52" assertions="1" time="0.000180"/>
      </testsuite>
      <testsuite name="App\Tests\Card\CardTest" file="/Users/hannagawlitza/dbwebb-kurser/mvc/me/report/tests/Card/CardTest.php" tests="4" assertions="4" errors="0" warnings="0" failures="0" skipped="0" time="0.000694">
        <testcase name="testGetSuit" class="App\Tests\Card\CardTest" classname="App.Tests.Card.CardTest" file="/Users/hannagawlitza/dbwebb-kurser/mvc/me/report/tests/Card/CardTest.php" line="11" assertions="1" time="0.000173"/>
        <testcase name="testGetValue" class="App\Tests\Card\CardTest" classname="App.Tests.Card.CardTest" file="/Users/hannagawlitza/dbwebb-kurser/mvc/me/report/tests/Card/CardTest.php" line="18" assertions="1" time="0.000173"/>
        <testcase name="testToString" class="App\Tests\Card\CardTest" classname="App.Tests.Card.CardTest" file="/Users/hannagawlitza/dbwebb-kurser/mvc/me/report/tests/Card/CardTest.php" line="25" assertions="1" time="0.000177"/>
        <testcase name="testToArray" class="App\Tests\Card\CardTest" classname="App.Tests.Card.CardTest" file="/Users/hannagawlitza/dbwebb-kurser/mvc/me/report/tests/Card/CardTest.php" line="32" assertions="1" time="0.000170"/>
      </testsuite>
      <testsuite name="App\Tests\Controller\ProjectControllerTest" file="/Users/hannagawlitza/dbwebb-kurser/mvc/me/report/tests/Controller/ProjectControllerTest.php" tests="1" assertions="3" errors="0" warnings="0" failures="0" skipped="0" time="1.370999">
        <testcase name="testDataRoute" class="App\Tests\Controller\ProjectControllerTest" classname="App.Tests.Controller.ProjectControllerTest" file="/Users/hannagawlitza/dbwebb-kurser/mvc/me/report/tests/Controller/ProjectControllerTest.php" line="11" assertions="3" time="1.370999"/>
      </testsuite>
      <testsuite name="App\Tests\Game\BankTest" file="/Users/hannagawlitza/dbwebb-kurser/mvc/me/report/tests/Game/BankTest.php" tests="4" assertions="9" errors="0" warnings="0" failures="0" skipped="0" time="0.002348">
        <testcase name="testDrawCard" class="App\Tests\Game\BankTest" classname="App.Tests.Game.BankTest" file="/Users/hannagawlitza/dbwebb-kurser/mvc/me/report/tests/Game/BankTest.php" line="13" assertions="2" time="0.001366"/>
        <testcase name="testNoAdditionalDrawWhenScoreIs17OrHigher" class="App\Tests\Game\BankTest" classname="App.Tests.Game.BankTest" file="/Users/hannagawlitza/dbwebb-kurser/mvc/me/report/tests/Game/BankTest.php" line="23" assertions="1" time="0.000233"/>
        <testcase name="testGetHand" class="App\Tests\Game\BankTest" classname="App.Tests.Game.BankTest" file="/Users/hannagawlitza/dbwebb-kurser/mvc/me/report/tests/Game/BankTest.php" line="46" assertions="3" time="0.000239"/>
        <testcase name="testAddCard" class="App\Tests\Game\BankTest" classname="App.Tests.Game.BankTest" file="/Users/hannagawlitza/dbwebb-kurser/mvc/me/report/tests/Game/BankTest.php" line="66" assertions="3" time="0.000510"/>
      </testsuite>
      <testsuite name="App\Tests\GameServiceTest" file="/Users/hannagawlitza/dbwebb-kurser/mvc/me/report/tests/Game/GameServiceTest.php" tests="5" assertions="17" errors="0" warnings="0" failures="0" skipped="0" time="0.015746">
        <testcase name="testInitializeGame" class="App\Tests\GameServiceTest" classname="App.Tests.GameServiceTest" file="/Users/hannagawlitza/dbwebb-kurser/mvc/me/report/tests/Game/GameServiceTest.php" line="29" assertions="5" time="0.000914"/>
        <testcase name="testPlayTurn" class="App\Tests\GameServiceTest" classname="App.Tests.GameServiceTest" file="/Users/hannagawlitza/dbwebb-kurser/mvc/me/report/tests/Game/GameServiceTest.php" line="43" assertions="3" time="0.012302"/>
        <testcase name="testDrawCard" class="App\Tests\GameServiceTest" classname="App.Tests.GameServiceTest" file="/Users/hannagawlitza/dbwebb-kurser/mvc/me/report/tests/Game/GameServiceTest.php" line="63" assertions="3" time="0.001962"/>
        <testcase name="testPassTurn" class="App\Tests\GameServiceTest" classname="App.Tests.GameServiceTest" file="/Users/hannagawlitza/dbwebb-kurser/mvc/me/report/tests/Game/GameServiceTest.php" line="89" assertions="1" time="0.000275"/>
        <testcase name="testRestartGame" class="App\Tests\GameServiceTest" classname="App.Tests.GameServiceTest" file="/Users/hannagawlitza/dbwebb-kurser/mvc/me/report/tests/Game/GameServiceTest.php" line="100" assertions="5" time="0.000293"/>
      </testsuite>
      <testsuite name="App\Tests\Game\PlayerTest" file="/Users/hannagawlitza/dbwebb-kurser/mvc/me/report/tests/Game/PlayerTest.php" tests="4" assertions="7" errors="0" warnings="0" failures="0" skipped="0" time="0.000856">
        <testcase name="testDrawCard" class="App\Tests\Game\PlayerTest" classname="App.Tests.Game.PlayerTest" file="/Users/hannagawlitza/dbwebb-kurser/mvc/me/report/tests/Game/PlayerTest.php" line="13" assertions="1" time="0.000236"/>
        <testcase name="testGetHand" class="App\Tests\Game\PlayerTest" classname="App.Tests.Game.PlayerTest" file="/Users/hannagawlitza/dbwebb-kurser/mvc/me/report/tests/Game/PlayerTest.php" line="27" assertions="2" time="0.000256"/>
        <testcase name="testAddCard" class="App\Tests\Game\PlayerTest" classname="App.Tests.Game.PlayerTest" file="/Users/hannagawlitza/dbwebb-kurser/mvc/me/report/tests/Game/PlayerTest.php" line="47" assertions="3" time="0.000190"/>
        <testcase name="testGetScore" class="App\Tests\Game\PlayerTest" classname="App.Tests.Game.PlayerTest" file="/Users/hannagawlitza/dbwebb-kurser/mvc/me/report/tests/Game/PlayerTest.php" line="63" assertions="1" time="0.000174"/>
      </testsuite>
    </testsuite>
  </testsuite>
</testsuites>
