<?xml version="1.0" encoding="UTF-8"?>
<testsuites>
  <testsuite name="" tests="31" assertions="98" errors="0" warnings="0" failures="0" skipped="0" time="0.328091">
    <testsuite name="Project Test Suite" tests="31" assertions="98" errors="0" warnings="0" failures="0" skipped="0" time="0.328091">
      <testsuite name="App\Tests\Card\CardDeckTest" file="/Users/hannagawlitza/dbwebb-kurser/mvc/me/report/tests/Card/CardDeckTest.php" tests="4" assertions="12" errors="0" warnings="0" failures="0" skipped="0" time="0.016116">
        <testcase name="testInitializeDeck" class="App\Tests\Card\CardDeckTest" classname="App.Tests.Card.CardDeckTest" file="/Users/hannagawlitza/dbwebb-kurser/mvc/me/report/tests/Card/CardDeckTest.php" line="12" assertions="5" time="0.006134"/>
        <testcase name="testShuffleDeck" class="App\Tests\Card\CardDeckTest" classname="App.Tests.Card.CardDeckTest" file="/Users/hannagawlitza/dbwebb-kurser/mvc/me/report/tests/Card/CardDeckTest.php" line="30" assertions="2" time="0.004828"/>
        <testcase name="testSortDeck" class="App\Tests\Card\CardDeckTest" classname="App.Tests.Card.CardDeckTest" file="/Users/hannagawlitza/dbwebb-kurser/mvc/me/report/tests/Card/CardDeckTest.php" line="45" assertions="2" time="0.004299"/>
        <testcase name="testDrawCard" class="App\Tests\Card\CardDeckTest" classname="App.Tests.Card.CardDeckTest" file="/Users/hannagawlitza/dbwebb-kurser/mvc/me/report/tests/Card/CardDeckTest.php" line="66" assertions="3" time="0.000855"/>
      </testsuite>
      <testsuite name="App\Tests\Card\CardGraphicTest" file="/Users/hannagawlitza/dbwebb-kurser/mvc/me/report/tests/Card/CardGraphicTest.php" tests="7" assertions="9" errors="0" warnings="0" failures="0" skipped="0" time="0.001226">
        <testcase name="testGetGraphicForNumericCard" class="App\Tests\Card\CardGraphicTest" classname="App.Tests.Card.CardGraphicTest" file="/Users/hannagawlitza/dbwebb-kurser/mvc/me/report/tests/Card/CardGraphicTest.php" line="10" assertions="1" time="0.000181"/>
        <testcase name="testGetGraphicForFaceCard" class="App\Tests\Card\CardGraphicTest" classname="App.Tests.Card.CardGraphicTest" file="/Users/hannagawlitza/dbwebb-kurser/mvc/me/report/tests/Card/CardGraphicTest.php" line="16" assertions="3" time="0.000195"/>
        <testcase name="testGetGraphicForAceCard" class="App\Tests\Card\CardGraphicTest" classname="App.Tests.Card.CardGraphicTest" file="/Users/hannagawlitza/dbwebb-kurser/mvc/me/report/tests/Card/CardGraphicTest.php" line="28" assertions="1" time="0.000173"/>
        <testcase name="testGetGraphicForSuitHearts" class="App\Tests\Card\CardGraphicTest" classname="App.Tests.Card.CardGraphicTest" file="/Users/hannagawlitza/dbwebb-kurser/mvc/me/report/tests/Card/CardGraphicTest.php" line="34" assertions="1" time="0.000172"/>
        <testcase name="testGetGraphicForSuitSpades" class="App\Tests\Card\CardGraphicTest" classname="App.Tests.Card.CardGraphicTest" file="/Users/hannagawlitza/dbwebb-kurser/mvc/me/report/tests/Card/CardGraphicTest.php" line="40" assertions="1" time="0.000167"/>
        <testcase name="testGetGraphicForSuitDiamonds" class="App\Tests\Card\CardGraphicTest" classname="App.Tests.Card.CardGraphicTest" file="/Users/hannagawlitza/dbwebb-kurser/mvc/me/report/tests/Card/CardGraphicTest.php" line="46" assertions="1" time="0.000171"/>
        <testcase name="testGetGraphicForSuitClubs" class="App\Tests\Card\CardGraphicTest" classname="App.Tests.Card.CardGraphicTest" file="/Users/hannagawlitza/dbwebb-kurser/mvc/me/report/tests/Card/CardGraphicTest.php" line="52" assertions="1" time="0.000167"/>
      </testsuite>
      <testsuite name="App\Tests\Card\CardTest" file="/Users/hannagawlitza/dbwebb-kurser/mvc/me/report/tests/Card/CardTest.php" tests="4" assertions="4" errors="0" warnings="0" failures="0" skipped="0" time="0.000657">
        <testcase name="testGetSuit" class="App\Tests\Card\CardTest" classname="App.Tests.Card.CardTest" file="/Users/hannagawlitza/dbwebb-kurser/mvc/me/report/tests/Card/CardTest.php" line="11" assertions="1" time="0.000163"/>
        <testcase name="testGetValue" class="App\Tests\Card\CardTest" classname="App.Tests.Card.CardTest" file="/Users/hannagawlitza/dbwebb-kurser/mvc/me/report/tests/Card/CardTest.php" line="18" assertions="1" time="0.000165"/>
        <testcase name="testToString" class="App\Tests\Card\CardTest" classname="App.Tests.Card.CardTest" file="/Users/hannagawlitza/dbwebb-kurser/mvc/me/report/tests/Card/CardTest.php" line="25" assertions="1" time="0.000164"/>
        <testcase name="testToArray" class="App\Tests\Card\CardTest" classname="App.Tests.Card.CardTest" file="/Users/hannagawlitza/dbwebb-kurser/mvc/me/report/tests/Card/CardTest.php" line="32" assertions="1" time="0.000165"/>
      </testsuite>
      <testsuite name="App\Tests\Controller\ProjectControllerTest" file="/Users/hannagawlitza/dbwebb-kurser/mvc/me/report/tests/Controller/ProjectControllerTest.php" tests="1" assertions="11" errors="0" warnings="0" failures="0" skipped="0" time="0.284254">
        <testcase name="testDataPage" class="App\Tests\Controller\ProjectControllerTest" classname="App.Tests.Controller.ProjectControllerTest" file="/Users/hannagawlitza/dbwebb-kurser/mvc/me/report/tests/Controller/ProjectControllerTest.php" line="9" assertions="11" time="0.284254"/>
      </testsuite>
      <testsuite name="App\Tests\Game\BankTest" file="/Users/hannagawlitza/dbwebb-kurser/mvc/me/report/tests/Game/BankTest.php" tests="4" assertions="10" errors="0" warnings="0" failures="0" skipped="0" time="0.003005">
        <testcase name="testDrawCard" class="App\Tests\Game\BankTest" classname="App.Tests.Game.BankTest" file="/Users/hannagawlitza/dbwebb-kurser/mvc/me/report/tests/Game/BankTest.php" line="13" assertions="2" time="0.001870"/>
        <testcase name="testNoAdditionalDrawWhenScoreIs17OrHigher" class="App\Tests\Game\BankTest" classname="App.Tests.Game.BankTest" file="/Users/hannagawlitza/dbwebb-kurser/mvc/me/report/tests/Game/BankTest.php" line="23" assertions="1" time="0.000262"/>
        <testcase name="testGetHand" class="App\Tests\Game\BankTest" classname="App.Tests.Game.BankTest" file="/Users/hannagawlitza/dbwebb-kurser/mvc/me/report/tests/Game/BankTest.php" line="46" assertions="4" time="0.000318"/>
        <testcase name="testAddCard" class="App\Tests\Game\BankTest" classname="App.Tests.Game.BankTest" file="/Users/hannagawlitza/dbwebb-kurser/mvc/me/report/tests/Game/BankTest.php" line="66" assertions="3" time="0.000556"/>
      </testsuite>
      <testsuite name="App\Tests\GameServiceTest" file="/Users/hannagawlitza/dbwebb-kurser/mvc/me/report/tests/Game/GameServiceTest.php" tests="5" assertions="17" errors="0" warnings="0" failures="0" skipped="0" time="0.015207">
        <testcase name="testInitializeGame" class="App\Tests\GameServiceTest" classname="App.Tests.GameServiceTest" file="/Users/hannagawlitza/dbwebb-kurser/mvc/me/report/tests/Game/GameServiceTest.php" line="29" assertions="5" time="0.001159"/>
        <testcase name="testPlayTurn" class="App\Tests\GameServiceTest" classname="App.Tests.GameServiceTest" file="/Users/hannagawlitza/dbwebb-kurser/mvc/me/report/tests/Game/GameServiceTest.php" line="43" assertions="3" time="0.011314"/>
        <testcase name="testDrawCard" class="App\Tests\GameServiceTest" classname="App.Tests.GameServiceTest" file="/Users/hannagawlitza/dbwebb-kurser/mvc/me/report/tests/Game/GameServiceTest.php" line="63" assertions="3" time="0.002159"/>
        <testcase name="testPassTurn" class="App\Tests\GameServiceTest" classname="App.Tests.GameServiceTest" file="/Users/hannagawlitza/dbwebb-kurser/mvc/me/report/tests/Game/GameServiceTest.php" line="89" assertions="1" time="0.000285"/>
        <testcase name="testRestartGame" class="App\Tests\GameServiceTest" classname="App.Tests.GameServiceTest" file="/Users/hannagawlitza/dbwebb-kurser/mvc/me/report/tests/Game/GameServiceTest.php" line="100" assertions="5" time="0.000290"/>
      </testsuite>
      <testsuite name="App\Tests\Game\PlayerTest" file="/Users/hannagawlitza/dbwebb-kurser/mvc/me/report/tests/Game/PlayerTest.php" tests="4" assertions="7" errors="0" warnings="0" failures="0" skipped="0" time="0.000837">
        <testcase name="testDrawCard" class="App\Tests\Game\PlayerTest" classname="App.Tests.Game.PlayerTest" file="/Users/hannagawlitza/dbwebb-kurser/mvc/me/report/tests/Game/PlayerTest.php" line="13" assertions="1" time="0.000229"/>
        <testcase name="testGetHand" class="App\Tests\Game\PlayerTest" classname="App.Tests.Game.PlayerTest" file="/Users/hannagawlitza/dbwebb-kurser/mvc/me/report/tests/Game/PlayerTest.php" line="27" assertions="2" time="0.000247"/>
        <testcase name="testAddCard" class="App\Tests\Game\PlayerTest" classname="App.Tests.Game.PlayerTest" file="/Users/hannagawlitza/dbwebb-kurser/mvc/me/report/tests/Game/PlayerTest.php" line="47" assertions="3" time="0.000187"/>
        <testcase name="testGetScore" class="App\Tests\Game\PlayerTest" classname="App.Tests.Game.PlayerTest" file="/Users/hannagawlitza/dbwebb-kurser/mvc/me/report/tests/Game/PlayerTest.php" line="63" assertions="1" time="0.000173"/>
      </testsuite>
      <testsuite name="App\Tests\Repository\FishStockRepositoryTest" file="/Users/hannagawlitza/dbwebb-kurser/mvc/me/report/tests/Repository/FishStockReposteryTest.php" tests="1" assertions="2" errors="0" warnings="0" failures="0" skipped="0" time="0.004094">
        <testcase name="testFindAllSortedByYearAsArray" class="App\Tests\Repository\FishStockRepositoryTest" classname="App.Tests.Repository.FishStockRepositoryTest" file="/Users/hannagawlitza/dbwebb-kurser/mvc/me/report/tests/Repository/FishStockReposteryTest.php" line="20" assertions="2" time="0.004094"/>
      </testsuite>
      <testsuite name="App\Tests\Repository\MarineProtectionRepositoryTest" file="/Users/hannagawlitza/dbwebb-kurser/mvc/me/report/tests/Repository/MarineProtectionReposteryTest.php" tests="1" assertions="26" errors="0" warnings="0" failures="0" skipped="0" time="0.002694">
        <testcase name="testFindAllMarineProtectionData" class="App\Tests\Repository\MarineProtectionRepositoryTest" classname="App.Tests.Repository.MarineProtectionRepositoryTest" file="/Users/hannagawlitza/dbwebb-kurser/mvc/me/report/tests/Repository/MarineProtectionReposteryTest.php" line="21" assertions="26" time="0.002694"/>
      </testsuite>
    </testsuite>
  </testsuite>
</testsuites>
