<?xml version="1.0" encoding="UTF-8"?>
<testsuites>
  <testsuite name="" tests="1" assertions="3" errors="0" warnings="0" failures="0" skipped="0" time="0.276634">
    <testsuite name="Project Test Suite" tests="1" assertions="3" errors="0" warnings="0" failures="0" skipped="0" time="0.276634">
      <testsuite name="App\Tests\Controller\ProjectControllerTest" file="/Users/hannagawlitza/dbwebb-kurser/mvc/me/report/tests/Controller/ProjectControllerTest.php" tests="1" assertions="3" errors="0" warnings="0" failures="0" skipped="0" time="0.276634">
        <testcase name="testDataRoute" class="App\Tests\Controller\ProjectControllerTest" classname="App.Tests.Controller.ProjectControllerTest" file="/Users/hannagawlitza/dbwebb-kurser/mvc/me/report/tests/Controller/ProjectControllerTest.php" line="11" assertions="3" time="0.276634"/>
      </testsuite>
    </testsuite>
  </testsuite>
</testsuites>
